2021-10-28T08:42:09+00:00 CRITICAL Uncaught Error: Call to undefined function get_field() in /usr/home/elaticofsc.com/web/wp-content/themes/atico/header.php:62
Stack trace:
#0 /usr/home/elaticofsc.com/web/wp-includes/template.php(770): require_once()
#1 /usr/home/elaticofsc.com/web/wp-includes/template.php(716): load_template('/usr/home/elati...', true, Array)
#2 /usr/home/elaticofsc.com/web/wp-includes/general-template.php(48): locate_template(Array, true, true, Array)
#3 /usr/home/elaticofsc.com/web/wp-content/themes/underscores/single.php(10): get_header()
#4 /usr/home/elaticofsc.com/web/wp-includes/template-loader.php(106): include('/usr/home/elati...')
#5 /usr/home/elaticofsc.com/web/wp-blog-header.php(19): require_once('/usr/home/elati...')
#6 /usr/home/elaticofsc.com/web/index.php(17): require('/usr/home/elati...')
#7 {main}
  thrown en /usr/home/elaticofsc.com/web/wp-content/themes/atico/header.php en la línea 62

2021-10-28T08:42:10+00:00 CRITICAL Uncaught Error: Call to undefined function get_field() in /usr/home/elaticofsc.com/web/wp-content/themes/atico/header.php:62
Stack trace:
#0 /usr/home/elaticofsc.com/web/wp-includes/template.php(770): require_once()
#1 /usr/home/elaticofsc.com/web/wp-includes/template.php(716): load_template('/usr/home/elati...', true, Array)
#2 /usr/home/elaticofsc.com/web/wp-includes/general-template.php(48): locate_template(Array, true, true, Array)
#3 /usr/home/elaticofsc.com/web/wp-content/themes/underscores/404.php(10): get_header()
#4 /usr/home/elaticofsc.com/web/wp-includes/template-loader.php(106): include('/usr/home/elati...')
#5 /usr/home/elaticofsc.com/web/wp-blog-header.php(19): require_once('/usr/home/elati...')
#6 /usr/home/elaticofsc.com/web/index.php(17): require('/usr/home/elati...')
#7 {main}
  thrown en /usr/home/elaticofsc.com/web/wp-content/themes/atico/header.php en la línea 62

2021-10-28T08:42:10+00:00 CRITICAL Uncaught Error: Call to undefined function get_field() in /usr/home/elaticofsc.com/web/wp-content/themes/atico/header.php:62
Stack trace:
#0 /usr/home/elaticofsc.com/web/wp-includes/template.php(770): require_once()
#1 /usr/home/elaticofsc.com/web/wp-includes/template.php(716): load_template('/usr/home/elati...', true, Array)
#2 /usr/home/elaticofsc.com/web/wp-includes/general-template.php(48): locate_template(Array, true, true, Array)
#3 /usr/home/elaticofsc.com/web/wp-content/themes/underscores/404.php(10): get_header()
#4 /usr/home/elaticofsc.com/web/wp-includes/template-loader.php(106): include('/usr/home/elati...')
#5 /usr/home/elaticofsc.com/web/wp-blog-header.php(19): require_once('/usr/home/elati...')
#6 /usr/home/elaticofsc.com/web/index.php(17): require('/usr/home/elati...')
#7 {main}
  thrown en /usr/home/elaticofsc.com/web/wp-content/themes/atico/header.php en la línea 62

2021-10-28T08:42:11+00:00 CRITICAL Uncaught Error: Call to undefined function get_field() in /usr/home/elaticofsc.com/web/wp-content/themes/atico/header.php:62
Stack trace:
#0 /usr/home/elaticofsc.com/web/wp-includes/template.php(770): require_once()
#1 /usr/home/elaticofsc.com/web/wp-includes/template.php(716): load_template('/usr/home/elati...', true, Array)
#2 /usr/home/elaticofsc.com/web/wp-includes/general-template.php(48): locate_template(Array, true, true, Array)
#3 /usr/home/elaticofsc.com/web/wp-content/themes/underscores/404.php(10): get_header()
#4 /usr/home/elaticofsc.com/web/wp-includes/template-loader.php(106): include('/usr/home/elati...')
#5 /usr/home/elaticofsc.com/web/wp-blog-header.php(19): require_once('/usr/home/elati...')
#6 /usr/home/elaticofsc.com/web/index.php(17): require('/usr/home/elati...')
#7 {main}
  thrown en /usr/home/elaticofsc.com/web/wp-content/themes/atico/header.php en la línea 62

2021-10-28T08:42:12+00:00 CRITICAL Uncaught Error: Call to undefined function get_field() in /usr/home/elaticofsc.com/web/wp-content/themes/atico/header.php:62
Stack trace:
#0 /usr/home/elaticofsc.com/web/wp-includes/template.php(770): require_once()
#1 /usr/home/elaticofsc.com/web/wp-includes/template.php(716): load_template('/usr/home/elati...', true, Array)
#2 /usr/home/elaticofsc.com/web/wp-includes/general-template.php(48): locate_template(Array, true, true, Array)
#3 /usr/home/elaticofsc.com/web/wp-content/themes/underscores/404.php(10): get_header()
#4 /usr/home/elaticofsc.com/web/wp-includes/template-loader.php(106): include('/usr/home/elati...')
#5 /usr/home/elaticofsc.com/web/wp-blog-header.php(19): require_once('/usr/home/elati...')
#6 /usr/home/elaticofsc.com/web/index.php(17): require('/usr/home/elati...')
#7 {main}
  thrown en /usr/home/elaticofsc.com/web/wp-content/themes/atico/header.php en la línea 62

2021-10-28T08:42:12+00:00 CRITICAL Uncaught Error: Call to undefined function get_field() in /usr/home/elaticofsc.com/web/wp-content/themes/atico/header.php:62
Stack trace:
#0 /usr/home/elaticofsc.com/web/wp-includes/template.php(770): require_once()
#1 /usr/home/elaticofsc.com/web/wp-includes/template.php(716): load_template('/usr/home/elati...', true, Array)
#2 /usr/home/elaticofsc.com/web/wp-includes/general-template.php(48): locate_template(Array, true, true, Array)
#3 /usr/home/elaticofsc.com/web/wp-content/themes/underscores/404.php(10): get_header()
#4 /usr/home/elaticofsc.com/web/wp-includes/template-loader.php(106): include('/usr/home/elati...')
#5 /usr/home/elaticofsc.com/web/wp-blog-header.php(19): require_once('/usr/home/elati...')
#6 /usr/home/elaticofsc.com/web/index.php(17): require('/usr/home/elati...')
#7 {main}
  thrown en /usr/home/elaticofsc.com/web/wp-content/themes/atico/header.php en la línea 62

