Jul 26 2018 10:08:39
{"type":2,"message":"set_time_limit() has been disabled for security reasons","file":"\/usr\/home\/groklighting.com\/web\/wp-content\/plugins\/all-in-one-wp-migration\/functions.php","line":1338}

Jul 26 2018 10:08:40
{"type":2,"message":"set_time_limit() has been disabled for security reasons","file":"\/usr\/home\/groklighting.com\/web\/wp-content\/plugins\/all-in-one-wp-migration\/functions.php","line":1338}

Jul 26 2018 10:08:41
{"type":2,"message":"set_time_limit() has been disabled for security reasons","file":"\/usr\/home\/groklighting.com\/web\/wp-content\/plugins\/all-in-one-wp-migration\/functions.php","line":1338}

Jul 26 2018 10:08:42
{"type":2,"message":"set_time_limit() has been disabled for security reasons","file":"\/usr\/home\/groklighting.com\/web\/wp-content\/plugins\/all-in-one-wp-migration\/functions.php","line":1338}

Jul 26 2018 10:08:48
{"type":2,"message":"set_time_limit() has been disabled for security reasons","file":"\/usr\/home\/groklighting.com\/web\/wp-content\/plugins\/all-in-one-wp-migration\/functions.php","line":1338}

Jul 26 2018 10:09:00
{"type":2,"message":"set_time_limit() has been disabled for security reasons","file":"\/usr\/home\/groklighting.com\/web\/wp-content\/plugins\/all-in-one-wp-migration\/functions.php","line":1338}

Jul 26 2018 10:09:11
{"type":2,"message":"set_time_limit() has been disabled for security reasons","file":"\/usr\/home\/groklighting.com\/web\/wp-content\/plugins\/all-in-one-wp-migration\/functions.php","line":1338}

Jul 26 2018 10:09:20
{"type":2,"message":"set_time_limit() has been disabled for security reasons","file":"\/usr\/home\/groklighting.com\/web\/wp-content\/plugins\/all-in-one-wp-migration\/functions.php","line":1338}

Jul 26 2018 10:09:22
{"type":2,"message":"set_time_limit() has been disabled for security reasons","file":"\/usr\/home\/groklighting.com\/web\/wp-content\/plugins\/all-in-one-wp-migration\/functions.php","line":1338}

Jul 26 2018 10:09:23
{"type":2,"message":"set_time_limit() has been disabled for security reasons","file":"\/usr\/home\/groklighting.com\/web\/wp-content\/plugins\/all-in-one-wp-migration\/functions.php","line":1338}

Jul 26 2018 10:09:24
{"type":2,"message":"set_time_limit() has been disabled for security reasons","file":"\/usr\/home\/groklighting.com\/web\/wp-content\/plugins\/all-in-one-wp-migration\/functions.php","line":1338}

Jul 26 2018 10:09:24
{"type":2,"message":"set_time_limit() has been disabled for security reasons","file":"\/usr\/home\/groklighting.com\/web\/wp-content\/plugins\/all-in-one-wp-migration\/functions.php","line":1338}

Jul 26 2018 10:46:36
{"type":2,"message":"set_time_limit() has been disabled for security reasons","file":"\/usr\/home\/groklighting.com\/web\/wp-content\/plugins\/all-in-one-wp-migration\/functions.php","line":1338}

Jul 26 2018 10:46:37
{"type":2,"message":"set_time_limit() has been disabled for security reasons","file":"\/usr\/home\/groklighting.com\/web\/wp-content\/plugins\/all-in-one-wp-migration\/functions.php","line":1338}

Jul 26 2018 10:46:38
{"type":2,"message":"set_time_limit() has been disabled for security reasons","file":"\/usr\/home\/groklighting.com\/web\/wp-content\/plugins\/all-in-one-wp-migration\/functions.php","line":1338}

Jul 26 2018 10:46:39
{"type":2,"message":"set_time_limit() has been disabled for security reasons","file":"\/usr\/home\/groklighting.com\/web\/wp-content\/plugins\/all-in-one-wp-migration\/functions.php","line":1338}

Jul 26 2018 10:46:39
{"type":2,"message":"set_time_limit() has been disabled for security reasons","file":"\/usr\/home\/groklighting.com\/web\/wp-content\/plugins\/all-in-one-wp-migration\/functions.php","line":1338}

Jul 26 2018 10:46:40
{"type":2,"message":"set_time_limit() has been disabled for security reasons","file":"\/usr\/home\/groklighting.com\/web\/wp-content\/plugins\/all-in-one-wp-migration\/functions.php","line":1338}

Jul 26 2018 10:46:42
{"type":2,"message":"set_time_limit() has been disabled for security reasons","file":"\/usr\/home\/groklighting.com\/web\/wp-content\/plugins\/all-in-one-wp-migration\/functions.php","line":1338}

Jul 26 2018 10:46:43
{"type":2,"message":"set_time_limit() has been disabled for security reasons","file":"\/usr\/home\/groklighting.com\/web\/wp-content\/plugins\/all-in-one-wp-migration\/functions.php","line":1338}

Jul 26 2018 10:46:43
{"type":2,"message":"set_time_limit() has been disabled for security reasons","file":"\/usr\/home\/groklighting.com\/web\/wp-content\/plugins\/all-in-one-wp-migration\/functions.php","line":1338}

Jul 26 2018 10:46:44
{"type":2,"message":"set_time_limit() has been disabled for security reasons","file":"\/usr\/home\/groklighting.com\/web\/wp-content\/plugins\/all-in-one-wp-migration\/functions.php","line":1338}

Jul 27 2018 09:33:08
{"type":2,"message":"set_time_limit() has been disabled for security reasons","file":"\/usr\/home\/groklighting.com\/web\/wp-content\/plugins\/all-in-one-wp-migration\/functions.php","line":1338}

Jul 27 2018 09:33:10
{"type":2,"message":"set_time_limit() has been disabled for security reasons","file":"\/usr\/home\/groklighting.com\/web\/wp-content\/plugins\/all-in-one-wp-migration\/functions.php","line":1338}

Jul 27 2018 09:33:11
{"type":2,"message":"set_time_limit() has been disabled for security reasons","file":"\/usr\/home\/groklighting.com\/web\/wp-content\/plugins\/all-in-one-wp-migration\/functions.php","line":1338}

Jul 27 2018 09:33:12
{"type":2,"message":"set_time_limit() has been disabled for security reasons","file":"\/usr\/home\/groklighting.com\/web\/wp-content\/plugins\/all-in-one-wp-migration\/functions.php","line":1338}

Jul 27 2018 09:33:18
{"type":2,"message":"set_time_limit() has been disabled for security reasons","file":"\/usr\/home\/groklighting.com\/web\/wp-content\/plugins\/all-in-one-wp-migration\/functions.php","line":1338}

Jul 27 2018 09:33:29
{"type":2,"message":"set_time_limit() has been disabled for security reasons","file":"\/usr\/home\/groklighting.com\/web\/wp-content\/plugins\/all-in-one-wp-migration\/functions.php","line":1338}

Jul 27 2018 09:33:37
{"type":2,"message":"set_time_limit() has been disabled for security reasons","file":"\/usr\/home\/groklighting.com\/web\/wp-content\/plugins\/all-in-one-wp-migration\/functions.php","line":1338}

Jul 27 2018 09:33:39
{"type":2,"message":"set_time_limit() has been disabled for security reasons","file":"\/usr\/home\/groklighting.com\/web\/wp-content\/plugins\/all-in-one-wp-migration\/functions.php","line":1338}

Jul 27 2018 09:33:41
{"type":2,"message":"set_time_limit() has been disabled for security reasons","file":"\/usr\/home\/groklighting.com\/web\/wp-content\/plugins\/all-in-one-wp-migration\/functions.php","line":1338}

Jul 27 2018 09:33:42
{"type":2,"message":"set_time_limit() has been disabled for security reasons","file":"\/usr\/home\/groklighting.com\/web\/wp-content\/plugins\/all-in-one-wp-migration\/functions.php","line":1338}

Jul 27 2018 09:33:43
{"type":2,"message":"set_time_limit() has been disabled for security reasons","file":"\/usr\/home\/groklighting.com\/web\/wp-content\/plugins\/all-in-one-wp-migration\/functions.php","line":1338}

Jul 27 2018 10:00:00
{"type":2,"message":"set_time_limit() has been disabled for security reasons","file":"\/usr\/home\/groklighting.com\/web\/wp-content\/plugins\/all-in-one-wp-migration\/functions.php","line":1338}

Jul 27 2018 10:00:02
{"type":2,"message":"set_time_limit() has been disabled for security reasons","file":"\/usr\/home\/groklighting.com\/web\/wp-content\/plugins\/all-in-one-wp-migration\/functions.php","line":1338}

Jul 27 2018 10:00:04
{"type":2,"message":"set_time_limit() has been disabled for security reasons","file":"\/usr\/home\/groklighting.com\/web\/wp-content\/plugins\/all-in-one-wp-migration\/functions.php","line":1338}

Jul 27 2018 10:00:06
{"type":2,"message":"set_time_limit() has been disabled for security reasons","file":"\/usr\/home\/groklighting.com\/web\/wp-content\/plugins\/all-in-one-wp-migration\/functions.php","line":1338}

Jul 27 2018 10:00:12
{"type":2,"message":"set_time_limit() has been disabled for security reasons","file":"\/usr\/home\/groklighting.com\/web\/wp-content\/plugins\/all-in-one-wp-migration\/functions.php","line":1338}

Jul 27 2018 10:00:15
{"type":2,"message":"set_time_limit() has been disabled for security reasons","file":"\/usr\/home\/groklighting.com\/web\/wp-content\/plugins\/all-in-one-wp-migration\/functions.php","line":1338}

Jul 27 2018 10:03:50
{"type":2,"message":"set_time_limit() has been disabled for security reasons","file":"\/usr\/home\/groklighting.com\/web\/wp-content\/plugins\/all-in-one-wp-migration\/functions.php","line":1338}

Jul 27 2018 10:03:51
{"type":2,"message":"set_time_limit() has been disabled for security reasons","file":"\/usr\/home\/groklighting.com\/web\/wp-content\/plugins\/all-in-one-wp-migration\/functions.php","line":1338}

Jul 27 2018 10:03:52
{"type":2,"message":"set_time_limit() has been disabled for security reasons","file":"\/usr\/home\/groklighting.com\/web\/wp-content\/plugins\/all-in-one-wp-migration\/functions.php","line":1338}

Jul 27 2018 10:03:54
{"type":2,"message":"set_time_limit() has been disabled for security reasons","file":"\/usr\/home\/groklighting.com\/web\/wp-content\/plugins\/all-in-one-wp-migration\/functions.php","line":1338}

Jul 27 2018 10:04:00
{"type":2,"message":"set_time_limit() has been disabled for security reasons","file":"\/usr\/home\/groklighting.com\/web\/wp-content\/plugins\/all-in-one-wp-migration\/functions.php","line":1338}

Jul 27 2018 10:04:08
{"type":2,"message":"set_time_limit() has been disabled for security reasons","file":"\/usr\/home\/groklighting.com\/web\/wp-content\/plugins\/all-in-one-wp-migration\/functions.php","line":1338}

Jul 27 2018 10:04:12
{"type":2,"message":"set_time_limit() has been disabled for security reasons","file":"\/usr\/home\/groklighting.com\/web\/wp-content\/plugins\/all-in-one-wp-migration\/functions.php","line":1338}

Jul 27 2018 10:04:15
{"type":2,"message":"set_time_limit() has been disabled for security reasons","file":"\/usr\/home\/groklighting.com\/web\/wp-content\/plugins\/all-in-one-wp-migration\/functions.php","line":1338}

Jul 27 2018 10:04:16
{"type":2,"message":"set_time_limit() has been disabled for security reasons","file":"\/usr\/home\/groklighting.com\/web\/wp-content\/plugins\/all-in-one-wp-migration\/functions.php","line":1338}

Jul 27 2018 10:04:17
{"type":2,"message":"set_time_limit() has been disabled for security reasons","file":"\/usr\/home\/groklighting.com\/web\/wp-content\/plugins\/all-in-one-wp-migration\/functions.php","line":1338}

Jul 27 2018 10:11:45
{"type":2,"message":"set_time_limit() has been disabled for security reasons","file":"\/usr\/home\/groklighting.com\/web\/wp-content\/plugins\/all-in-one-wp-migration\/functions.php","line":1338}

Jul 27 2018 10:11:46
{"type":2,"message":"set_time_limit() has been disabled for security reasons","file":"\/usr\/home\/groklighting.com\/web\/wp-content\/plugins\/all-in-one-wp-migration\/functions.php","line":1338}

Jul 27 2018 10:11:47
{"type":2,"message":"set_time_limit() has been disabled for security reasons","file":"\/usr\/home\/groklighting.com\/web\/wp-content\/plugins\/all-in-one-wp-migration\/functions.php","line":1338}

Jul 27 2018 10:11:50
{"type":2,"message":"set_time_limit() has been disabled for security reasons","file":"\/usr\/home\/groklighting.com\/web\/wp-content\/plugins\/all-in-one-wp-migration\/functions.php","line":1338}

Jul 27 2018 10:11:55
{"type":2,"message":"set_time_limit() has been disabled for security reasons","file":"\/usr\/home\/groklighting.com\/web\/wp-content\/plugins\/all-in-one-wp-migration\/functions.php","line":1338}

Jul 27 2018 10:12:05
{"type":2,"message":"set_time_limit() has been disabled for security reasons","file":"\/usr\/home\/groklighting.com\/web\/wp-content\/plugins\/all-in-one-wp-migration\/functions.php","line":1338}

Jul 27 2018 10:12:07
{"type":2,"message":"set_time_limit() has been disabled for security reasons","file":"\/usr\/home\/groklighting.com\/web\/wp-content\/plugins\/all-in-one-wp-migration\/functions.php","line":1338}

Jul 27 2018 10:12:08
{"type":2,"message":"set_time_limit() has been disabled for security reasons","file":"\/usr\/home\/groklighting.com\/web\/wp-content\/plugins\/all-in-one-wp-migration\/functions.php","line":1338}

Jul 27 2018 10:12:09
{"type":2,"message":"set_time_limit() has been disabled for security reasons","file":"\/usr\/home\/groklighting.com\/web\/wp-content\/plugins\/all-in-one-wp-migration\/functions.php","line":1338}

Jul 27 2018 10:12:10
{"type":2,"message":"set_time_limit() has been disabled for security reasons","file":"\/usr\/home\/groklighting.com\/web\/wp-content\/plugins\/all-in-one-wp-migration\/functions.php","line":1338}

Jul 27 2018 10:24:14
{"type":2,"message":"set_time_limit() has been disabled for security reasons","file":"\/usr\/home\/groklighting.com\/web\/wp-content\/plugins\/all-in-one-wp-migration\/functions.php","line":1338}

Jul 27 2018 10:24:15
{"type":2,"message":"set_time_limit() has been disabled for security reasons","file":"\/usr\/home\/groklighting.com\/web\/wp-content\/plugins\/all-in-one-wp-migration\/functions.php","line":1338}

Jul 27 2018 10:24:16
{"type":2,"message":"set_time_limit() has been disabled for security reasons","file":"\/usr\/home\/groklighting.com\/web\/wp-content\/plugins\/all-in-one-wp-migration\/functions.php","line":1338}

Jul 27 2018 10:24:17
{"type":2,"message":"set_time_limit() has been disabled for security reasons","file":"\/usr\/home\/groklighting.com\/web\/wp-content\/plugins\/all-in-one-wp-migration\/functions.php","line":1338}

Jul 27 2018 10:24:18
{"type":2,"message":"set_time_limit() has been disabled for security reasons","file":"\/usr\/home\/groklighting.com\/web\/wp-content\/plugins\/all-in-one-wp-migration\/functions.php","line":1338}

Jul 27 2018 10:24:19
{"type":2,"message":"set_time_limit() has been disabled for security reasons","file":"\/usr\/home\/groklighting.com\/web\/wp-content\/plugins\/all-in-one-wp-migration\/functions.php","line":1338}

Jul 27 2018 10:24:20
{"type":2,"message":"set_time_limit() has been disabled for security reasons","file":"\/usr\/home\/groklighting.com\/web\/wp-content\/plugins\/all-in-one-wp-migration\/functions.php","line":1338}

Jul 27 2018 10:24:21
{"type":2,"message":"set_time_limit() has been disabled for security reasons","file":"\/usr\/home\/groklighting.com\/web\/wp-content\/plugins\/all-in-one-wp-migration\/functions.php","line":1338}

Jul 27 2018 10:24:22
{"type":2,"message":"set_time_limit() has been disabled for security reasons","file":"\/usr\/home\/groklighting.com\/web\/wp-content\/plugins\/all-in-one-wp-migration\/functions.php","line":1338}

Jul 27 2018 10:24:23
{"type":2,"message":"set_time_limit() has been disabled for security reasons","file":"\/usr\/home\/groklighting.com\/web\/wp-content\/plugins\/all-in-one-wp-migration\/functions.php","line":1338}

Jul 27 2018 10:45:18
{"type":2,"message":"set_time_limit() has been disabled for security reasons","file":"\/usr\/home\/groklighting.com\/web\/wp-content\/plugins\/all-in-one-wp-migration\/functions.php","line":1338}

Jul 27 2018 10:45:19
{"type":2,"message":"set_time_limit() has been disabled for security reasons","file":"\/usr\/home\/groklighting.com\/web\/wp-content\/plugins\/all-in-one-wp-migration\/functions.php","line":1338}

Jul 27 2018 10:45:20
{"type":2,"message":"set_time_limit() has been disabled for security reasons","file":"\/usr\/home\/groklighting.com\/web\/wp-content\/plugins\/all-in-one-wp-migration\/functions.php","line":1338}

Jul 27 2018 10:45:20
{"type":2,"message":"set_time_limit() has been disabled for security reasons","file":"\/usr\/home\/groklighting.com\/web\/wp-content\/plugins\/all-in-one-wp-migration\/functions.php","line":1338}

Jul 27 2018 10:45:21
{"type":2,"message":"set_time_limit() has been disabled for security reasons","file":"\/usr\/home\/groklighting.com\/web\/wp-content\/plugins\/all-in-one-wp-migration\/functions.php","line":1338}

Jul 27 2018 10:45:22
{"type":2,"message":"set_time_limit() has been disabled for security reasons","file":"\/usr\/home\/groklighting.com\/web\/wp-content\/plugins\/all-in-one-wp-migration\/functions.php","line":1338}

Jul 27 2018 10:45:23
{"type":2,"message":"set_time_limit() has been disabled for security reasons","file":"\/usr\/home\/groklighting.com\/web\/wp-content\/plugins\/all-in-one-wp-migration\/functions.php","line":1338}

Jul 27 2018 10:45:24
{"type":2,"message":"set_time_limit() has been disabled for security reasons","file":"\/usr\/home\/groklighting.com\/web\/wp-content\/plugins\/all-in-one-wp-migration\/functions.php","line":1338}

Jul 27 2018 10:45:25
{"type":2,"message":"set_time_limit() has been disabled for security reasons","file":"\/usr\/home\/groklighting.com\/web\/wp-content\/plugins\/all-in-one-wp-migration\/functions.php","line":1338}

Jul 27 2018 10:45:25
{"type":2,"message":"set_time_limit() has been disabled for security reasons","file":"\/usr\/home\/groklighting.com\/web\/wp-content\/plugins\/all-in-one-wp-migration\/functions.php","line":1338}

Jul 27 2018 10:51:12
{"type":2,"message":"set_time_limit() has been disabled for security reasons","file":"\/usr\/home\/groklighting.com\/web\/wp-content\/plugins\/all-in-one-wp-migration\/functions.php","line":1338}

Jul 27 2018 10:51:13
{"type":2,"message":"set_time_limit() has been disabled for security reasons","file":"\/usr\/home\/groklighting.com\/web\/wp-content\/plugins\/all-in-one-wp-migration\/functions.php","line":1338}

Jul 27 2018 10:51:14
{"type":2,"message":"set_time_limit() has been disabled for security reasons","file":"\/usr\/home\/groklighting.com\/web\/wp-content\/plugins\/all-in-one-wp-migration\/functions.php","line":1338}

Jul 27 2018 10:51:14
{"type":2,"message":"set_time_limit() has been disabled for security reasons","file":"\/usr\/home\/groklighting.com\/web\/wp-content\/plugins\/all-in-one-wp-migration\/functions.php","line":1338}

Jul 27 2018 10:51:25
{"type":2,"message":"set_time_limit() has been disabled for security reasons","file":"\/usr\/home\/groklighting.com\/web\/wp-content\/plugins\/all-in-one-wp-migration\/functions.php","line":1338}

Jul 27 2018 10:51:26
{"type":2,"message":"set_time_limit() has been disabled for security reasons","file":"\/usr\/home\/groklighting.com\/web\/wp-content\/plugins\/all-in-one-wp-migration\/functions.php","line":1338}

Jul 27 2018 10:51:27
{"type":2,"message":"set_time_limit() has been disabled for security reasons","file":"\/usr\/home\/groklighting.com\/web\/wp-content\/plugins\/all-in-one-wp-migration\/functions.php","line":1338}

Jul 27 2018 10:51:28
{"type":2,"message":"set_time_limit() has been disabled for security reasons","file":"\/usr\/home\/groklighting.com\/web\/wp-content\/plugins\/all-in-one-wp-migration\/functions.php","line":1338}

Jul 27 2018 10:51:29
{"type":2,"message":"set_time_limit() has been disabled for security reasons","file":"\/usr\/home\/groklighting.com\/web\/wp-content\/plugins\/all-in-one-wp-migration\/functions.php","line":1338}

Jul 27 2018 10:51:30
{"type":2,"message":"set_time_limit() has been disabled for security reasons","file":"\/usr\/home\/groklighting.com\/web\/wp-content\/plugins\/all-in-one-wp-migration\/functions.php","line":1338}

Jul 27 2018 10:51:31
{"type":2,"message":"set_time_limit() has been disabled for security reasons","file":"\/usr\/home\/groklighting.com\/web\/wp-content\/plugins\/all-in-one-wp-migration\/functions.php","line":1338}

Jul 27 2018 10:51:32
{"type":2,"message":"set_time_limit() has been disabled for security reasons","file":"\/usr\/home\/groklighting.com\/web\/wp-content\/plugins\/all-in-one-wp-migration\/functions.php","line":1338}

Jul 27 2018 10:51:33
{"type":2,"message":"set_time_limit() has been disabled for security reasons","file":"\/usr\/home\/groklighting.com\/web\/wp-content\/plugins\/all-in-one-wp-migration\/functions.php","line":1338}

Jul 27 2018 10:51:34
{"type":2,"message":"set_time_limit() has been disabled for security reasons","file":"\/usr\/home\/groklighting.com\/web\/wp-content\/plugins\/all-in-one-wp-migration\/functions.php","line":1338}

Sep 12 2018 08:54:50
{"type":2,"message":"set_time_limit() has been disabled for security reasons","file":"\/usr\/home\/groklighting.com\/web\/wp-content\/plugins\/all-in-one-wp-migration\/functions.php","line":1338}

Sep 12 2018 08:54:51
{"type":2,"message":"set_time_limit() has been disabled for security reasons","file":"\/usr\/home\/groklighting.com\/web\/wp-content\/plugins\/all-in-one-wp-migration\/functions.php","line":1338}

Sep 12 2018 08:54:52
{"type":2,"message":"set_time_limit() has been disabled for security reasons","file":"\/usr\/home\/groklighting.com\/web\/wp-content\/plugins\/all-in-one-wp-migration\/functions.php","line":1338}

Sep 12 2018 08:54:53
{"type":2,"message":"set_time_limit() has been disabled for security reasons","file":"\/usr\/home\/groklighting.com\/web\/wp-content\/plugins\/all-in-one-wp-migration\/functions.php","line":1338}

Sep 12 2018 08:54:53
{"type":2,"message":"set_time_limit() has been disabled for security reasons","file":"\/usr\/home\/groklighting.com\/web\/wp-content\/plugins\/all-in-one-wp-migration\/functions.php","line":1338}

Sep 12 2018 08:54:55
{"type":2,"message":"set_time_limit() has been disabled for security reasons","file":"\/usr\/home\/groklighting.com\/web\/wp-content\/plugins\/all-in-one-wp-migration\/functions.php","line":1338}

Sep 12 2018 08:54:57
{"type":2,"message":"set_time_limit() has been disabled for security reasons","file":"\/usr\/home\/groklighting.com\/web\/wp-content\/plugins\/all-in-one-wp-migration\/functions.php","line":1338}

Sep 12 2018 08:54:58
{"type":2,"message":"set_time_limit() has been disabled for security reasons","file":"\/usr\/home\/groklighting.com\/web\/wp-content\/plugins\/all-in-one-wp-migration\/functions.php","line":1338}

Sep 12 2018 08:54:59
{"type":2,"message":"set_time_limit() has been disabled for security reasons","file":"\/usr\/home\/groklighting.com\/web\/wp-content\/plugins\/all-in-one-wp-migration\/functions.php","line":1338}

Sep 12 2018 08:55:00
{"type":2,"message":"set_time_limit() has been disabled for security reasons","file":"\/usr\/home\/groklighting.com\/web\/wp-content\/plugins\/all-in-one-wp-migration\/functions.php","line":1338}

Apr 01 2019 14:09:41
{"type":2,"message":"set_time_limit() has been disabled for security reasons","file":"\/usr\/home\/groklighting.com\/web\/wp-content\/plugins\/all-in-one-wp-migration\/functions.php","line":1338}

Apr 01 2019 14:09:42
{"type":2,"message":"set_time_limit() has been disabled for security reasons","file":"\/usr\/home\/groklighting.com\/web\/wp-content\/plugins\/all-in-one-wp-migration\/functions.php","line":1338}

Apr 01 2019 14:09:43
{"type":2,"message":"set_time_limit() has been disabled for security reasons","file":"\/usr\/home\/groklighting.com\/web\/wp-content\/plugins\/all-in-one-wp-migration\/functions.php","line":1338}

Apr 01 2019 14:09:44
{"type":2,"message":"set_time_limit() has been disabled for security reasons","file":"\/usr\/home\/groklighting.com\/web\/wp-content\/plugins\/all-in-one-wp-migration\/functions.php","line":1338}

Apr 01 2019 14:09:50
{"type":2,"message":"set_time_limit() has been disabled for security reasons","file":"\/usr\/home\/groklighting.com\/web\/wp-content\/plugins\/all-in-one-wp-migration\/functions.php","line":1338}

Apr 01 2019 14:10:01
{"type":2,"message":"set_time_limit() has been disabled for security reasons","file":"\/usr\/home\/groklighting.com\/web\/wp-content\/plugins\/all-in-one-wp-migration\/functions.php","line":1338}

Apr 01 2019 14:10:11
{"type":2,"message":"set_time_limit() has been disabled for security reasons","file":"\/usr\/home\/groklighting.com\/web\/wp-content\/plugins\/all-in-one-wp-migration\/functions.php","line":1338}

Apr 01 2019 14:10:15
{"type":2,"message":"set_time_limit() has been disabled for security reasons","file":"\/usr\/home\/groklighting.com\/web\/wp-content\/plugins\/all-in-one-wp-migration\/functions.php","line":1338}

Apr 01 2019 14:10:16
{"type":2,"message":"set_time_limit() has been disabled for security reasons","file":"\/usr\/home\/groklighting.com\/web\/wp-content\/plugins\/all-in-one-wp-migration\/functions.php","line":1338}

Apr 01 2019 14:10:21
{"type":2,"message":"set_time_limit() has been disabled for security reasons","file":"\/usr\/home\/groklighting.com\/web\/wp-content\/plugins\/all-in-one-wp-migration\/functions.php","line":1338}

Apr 01 2019 14:10:22
{"type":2,"message":"set_time_limit() has been disabled for security reasons","file":"\/usr\/home\/groklighting.com\/web\/wp-content\/plugins\/all-in-one-wp-migration\/functions.php","line":1338}

Apr 02 2019 06:59:00
{"type":2,"message":"set_time_limit() has been disabled for security reasons","file":"\/usr\/home\/groklighting.com\/web\/wp-content\/plugins\/all-in-one-wp-migration\/functions.php","line":1338}

Apr 02 2019 06:59:01
{"type":2,"message":"set_time_limit() has been disabled for security reasons","file":"\/usr\/home\/groklighting.com\/web\/wp-content\/plugins\/all-in-one-wp-migration\/functions.php","line":1338}

Apr 02 2019 06:59:02
{"type":2,"message":"set_time_limit() has been disabled for security reasons","file":"\/usr\/home\/groklighting.com\/web\/wp-content\/plugins\/all-in-one-wp-migration\/functions.php","line":1338}

Apr 02 2019 06:59:03
{"type":2,"message":"set_time_limit() has been disabled for security reasons","file":"\/usr\/home\/groklighting.com\/web\/wp-content\/plugins\/all-in-one-wp-migration\/functions.php","line":1338}

Apr 02 2019 06:59:08
{"type":2,"message":"set_time_limit() has been disabled for security reasons","file":"\/usr\/home\/groklighting.com\/web\/wp-content\/plugins\/all-in-one-wp-migration\/functions.php","line":1338}

Apr 02 2019 06:59:19
{"type":2,"message":"set_time_limit() has been disabled for security reasons","file":"\/usr\/home\/groklighting.com\/web\/wp-content\/plugins\/all-in-one-wp-migration\/functions.php","line":1338}

Apr 02 2019 06:59:21
{"type":2,"message":"set_time_limit() has been disabled for security reasons","file":"\/usr\/home\/groklighting.com\/web\/wp-content\/plugins\/all-in-one-wp-migration\/functions.php","line":1338}

Apr 02 2019 06:59:25
{"type":2,"message":"set_time_limit() has been disabled for security reasons","file":"\/usr\/home\/groklighting.com\/web\/wp-content\/plugins\/all-in-one-wp-migration\/functions.php","line":1338}

Apr 02 2019 06:59:26
{"type":2,"message":"set_time_limit() has been disabled for security reasons","file":"\/usr\/home\/groklighting.com\/web\/wp-content\/plugins\/all-in-one-wp-migration\/functions.php","line":1338}

Apr 02 2019 06:59:27
{"type":2,"message":"set_time_limit() has been disabled for security reasons","file":"\/usr\/home\/groklighting.com\/web\/wp-content\/plugins\/all-in-one-wp-migration\/functions.php","line":1338}

Apr 02 2019 06:59:28
{"type":2,"message":"set_time_limit() has been disabled for security reasons","file":"\/usr\/home\/groklighting.com\/web\/wp-content\/plugins\/all-in-one-wp-migration\/functions.php","line":1338}

Apr 02 2019 10:02:31
{"type":2,"message":"set_time_limit() has been disabled for security reasons","file":"\/usr\/home\/groklighting.com\/web\/wp-content\/plugins\/all-in-one-wp-migration\/functions.php","line":1338}

Apr 02 2019 10:02:31
{"type":2,"message":"set_time_limit() has been disabled for security reasons","file":"\/usr\/home\/groklighting.com\/web\/wp-content\/plugins\/all-in-one-wp-migration\/functions.php","line":1338}

Apr 02 2019 10:02:32
{"type":2,"message":"set_time_limit() has been disabled for security reasons","file":"\/usr\/home\/groklighting.com\/web\/wp-content\/plugins\/all-in-one-wp-migration\/functions.php","line":1338}

Apr 02 2019 10:02:33
{"type":2,"message":"set_time_limit() has been disabled for security reasons","file":"\/usr\/home\/groklighting.com\/web\/wp-content\/plugins\/all-in-one-wp-migration\/functions.php","line":1338}

Apr 02 2019 10:02:34
{"type":2,"message":"set_time_limit() has been disabled for security reasons","file":"\/usr\/home\/groklighting.com\/web\/wp-content\/plugins\/all-in-one-wp-migration\/functions.php","line":1338}

Apr 02 2019 10:02:35
{"type":2,"message":"set_time_limit() has been disabled for security reasons","file":"\/usr\/home\/groklighting.com\/web\/wp-content\/plugins\/all-in-one-wp-migration\/functions.php","line":1338}

Apr 02 2019 10:02:39
{"type":2,"message":"set_time_limit() has been disabled for security reasons","file":"\/usr\/home\/groklighting.com\/web\/wp-content\/plugins\/all-in-one-wp-migration\/functions.php","line":1338}

Apr 02 2019 10:02:40
{"type":2,"message":"set_time_limit() has been disabled for security reasons","file":"\/usr\/home\/groklighting.com\/web\/wp-content\/plugins\/all-in-one-wp-migration\/functions.php","line":1338}

Apr 02 2019 10:02:41
{"type":2,"message":"set_time_limit() has been disabled for security reasons","file":"\/usr\/home\/groklighting.com\/web\/wp-content\/plugins\/all-in-one-wp-migration\/functions.php","line":1338}

Apr 02 2019 10:02:41
{"type":2,"message":"set_time_limit() has been disabled for security reasons","file":"\/usr\/home\/groklighting.com\/web\/wp-content\/plugins\/all-in-one-wp-migration\/functions.php","line":1338}

Apr 02 2019 11:43:31
{"type":2,"message":"set_time_limit() has been disabled for security reasons","file":"\/usr\/home\/groklighting.com\/web\/wp-content\/plugins\/all-in-one-wp-migration\/functions.php","line":1338}

Apr 02 2019 11:43:32
{"type":2,"message":"set_time_limit() has been disabled for security reasons","file":"\/usr\/home\/groklighting.com\/web\/wp-content\/plugins\/all-in-one-wp-migration\/functions.php","line":1338}

Apr 02 2019 11:43:33
{"type":2,"message":"set_time_limit() has been disabled for security reasons","file":"\/usr\/home\/groklighting.com\/web\/wp-content\/plugins\/all-in-one-wp-migration\/functions.php","line":1338}

Apr 02 2019 11:43:34
{"type":2,"message":"set_time_limit() has been disabled for security reasons","file":"\/usr\/home\/groklighting.com\/web\/wp-content\/plugins\/all-in-one-wp-migration\/functions.php","line":1338}

Apr 02 2019 11:43:40
{"type":2,"message":"set_time_limit() has been disabled for security reasons","file":"\/usr\/home\/groklighting.com\/web\/wp-content\/plugins\/all-in-one-wp-migration\/functions.php","line":1338}

Apr 02 2019 11:43:47
{"type":2,"message":"set_time_limit() has been disabled for security reasons","file":"\/usr\/home\/groklighting.com\/web\/wp-content\/plugins\/all-in-one-wp-migration\/functions.php","line":1338}

Apr 02 2019 11:43:52
{"type":2,"message":"set_time_limit() has been disabled for security reasons","file":"\/usr\/home\/groklighting.com\/web\/wp-content\/plugins\/all-in-one-wp-migration\/functions.php","line":1338}

Apr 02 2019 11:43:53
{"type":2,"message":"set_time_limit() has been disabled for security reasons","file":"\/usr\/home\/groklighting.com\/web\/wp-content\/plugins\/all-in-one-wp-migration\/functions.php","line":1338}

Apr 02 2019 11:43:54
{"type":2,"message":"set_time_limit() has been disabled for security reasons","file":"\/usr\/home\/groklighting.com\/web\/wp-content\/plugins\/all-in-one-wp-migration\/functions.php","line":1338}

Apr 02 2019 11:43:56
{"type":2,"message":"set_time_limit() has been disabled for security reasons","file":"\/usr\/home\/groklighting.com\/web\/wp-content\/plugins\/all-in-one-wp-migration\/functions.php","line":1338}

Apr 02 2019 12:17:28
{"type":2,"message":"set_time_limit() has been disabled for security reasons","file":"\/usr\/home\/groklighting.com\/web\/wp-content\/plugins\/all-in-one-wp-migration\/functions.php","line":1338}

Apr 02 2019 12:17:29
{"type":2,"message":"set_time_limit() has been disabled for security reasons","file":"\/usr\/home\/groklighting.com\/web\/wp-content\/plugins\/all-in-one-wp-migration\/functions.php","line":1338}

Apr 02 2019 12:17:30
{"type":2,"message":"set_time_limit() has been disabled for security reasons","file":"\/usr\/home\/groklighting.com\/web\/wp-content\/plugins\/all-in-one-wp-migration\/functions.php","line":1338}

Apr 02 2019 12:17:31
{"type":2,"message":"set_time_limit() has been disabled for security reasons","file":"\/usr\/home\/groklighting.com\/web\/wp-content\/plugins\/all-in-one-wp-migration\/functions.php","line":1338}

Apr 02 2019 12:17:32
{"type":2,"message":"set_time_limit() has been disabled for security reasons","file":"\/usr\/home\/groklighting.com\/web\/wp-content\/plugins\/all-in-one-wp-migration\/functions.php","line":1338}

Apr 02 2019 12:17:33
{"type":2,"message":"set_time_limit() has been disabled for security reasons","file":"\/usr\/home\/groklighting.com\/web\/wp-content\/plugins\/all-in-one-wp-migration\/functions.php","line":1338}

Apr 02 2019 12:17:36
{"type":2,"message":"set_time_limit() has been disabled for security reasons","file":"\/usr\/home\/groklighting.com\/web\/wp-content\/plugins\/all-in-one-wp-migration\/functions.php","line":1338}

Apr 02 2019 12:17:37
{"type":2,"message":"set_time_limit() has been disabled for security reasons","file":"\/usr\/home\/groklighting.com\/web\/wp-content\/plugins\/all-in-one-wp-migration\/functions.php","line":1338}

Apr 02 2019 12:17:52
{"type":2,"message":"set_time_limit() has been disabled for security reasons","file":"\/usr\/home\/groklighting.com\/web\/wp-content\/plugins\/all-in-one-wp-migration\/functions.php","line":1338}

Apr 02 2019 12:17:53
{"type":2,"message":"set_time_limit() has been disabled for security reasons","file":"\/usr\/home\/groklighting.com\/web\/wp-content\/plugins\/all-in-one-wp-migration\/functions.php","line":1338}

Apr 02 2019 12:17:53
{"type":2,"message":"set_time_limit() has been disabled for security reasons","file":"\/usr\/home\/groklighting.com\/web\/wp-content\/plugins\/all-in-one-wp-migration\/functions.php","line":1338}

Apr 02 2019 12:17:54
{"type":2,"message":"set_time_limit() has been disabled for security reasons","file":"\/usr\/home\/groklighting.com\/web\/wp-content\/plugins\/all-in-one-wp-migration\/functions.php","line":1338}

Apr 02 2019 12:17:55
{"type":2,"message":"set_time_limit() has been disabled for security reasons","file":"\/usr\/home\/groklighting.com\/web\/wp-content\/plugins\/all-in-one-wp-migration\/functions.php","line":1338}

Apr 02 2019 12:17:56
{"type":2,"message":"set_time_limit() has been disabled for security reasons","file":"\/usr\/home\/groklighting.com\/web\/wp-content\/plugins\/all-in-one-wp-migration\/functions.php","line":1338}

Apr 02 2019 12:17:59
{"type":2,"message":"set_time_limit() has been disabled for security reasons","file":"\/usr\/home\/groklighting.com\/web\/wp-content\/plugins\/all-in-one-wp-migration\/functions.php","line":1338}

Apr 02 2019 12:17:59
{"type":2,"message":"set_time_limit() has been disabled for security reasons","file":"\/usr\/home\/groklighting.com\/web\/wp-content\/plugins\/all-in-one-wp-migration\/functions.php","line":1338}

Apr 02 2019 13:20:49
{"type":2,"message":"set_time_limit() has been disabled for security reasons","file":"\/usr\/home\/groklighting.com\/web\/wp-content\/plugins\/all-in-one-wp-migration\/functions.php","line":1338}

Apr 02 2019 13:20:50
{"type":2,"message":"set_time_limit() has been disabled for security reasons","file":"\/usr\/home\/groklighting.com\/web\/wp-content\/plugins\/all-in-one-wp-migration\/functions.php","line":1338}

Apr 02 2019 13:20:51
{"type":2,"message":"set_time_limit() has been disabled for security reasons","file":"\/usr\/home\/groklighting.com\/web\/wp-content\/plugins\/all-in-one-wp-migration\/functions.php","line":1338}

Apr 02 2019 13:20:51
{"type":2,"message":"set_time_limit() has been disabled for security reasons","file":"\/usr\/home\/groklighting.com\/web\/wp-content\/plugins\/all-in-one-wp-migration\/functions.php","line":1338}

Apr 02 2019 13:20:52
{"type":2,"message":"set_time_limit() has been disabled for security reasons","file":"\/usr\/home\/groklighting.com\/web\/wp-content\/plugins\/all-in-one-wp-migration\/functions.php","line":1338}

Apr 02 2019 13:20:53
{"type":2,"message":"set_time_limit() has been disabled for security reasons","file":"\/usr\/home\/groklighting.com\/web\/wp-content\/plugins\/all-in-one-wp-migration\/functions.php","line":1338}

Apr 02 2019 13:20:57
{"type":2,"message":"set_time_limit() has been disabled for security reasons","file":"\/usr\/home\/groklighting.com\/web\/wp-content\/plugins\/all-in-one-wp-migration\/functions.php","line":1338}

Apr 02 2019 13:20:57
{"type":2,"message":"set_time_limit() has been disabled for security reasons","file":"\/usr\/home\/groklighting.com\/web\/wp-content\/plugins\/all-in-one-wp-migration\/functions.php","line":1338}

Apr 02 2019 13:20:58
{"type":2,"message":"set_time_limit() has been disabled for security reasons","file":"\/usr\/home\/groklighting.com\/web\/wp-content\/plugins\/all-in-one-wp-migration\/functions.php","line":1338}

Apr 02 2019 13:20:59
{"type":2,"message":"set_time_limit() has been disabled for security reasons","file":"\/usr\/home\/groklighting.com\/web\/wp-content\/plugins\/all-in-one-wp-migration\/functions.php","line":1338}

Apr 02 2019 13:56:35
{"type":2,"message":"set_time_limit() has been disabled for security reasons","file":"\/usr\/home\/groklighting.com\/web\/wp-content\/plugins\/all-in-one-wp-migration\/functions.php","line":1338}

Apr 02 2019 13:56:36
{"type":2,"message":"set_time_limit() has been disabled for security reasons","file":"\/usr\/home\/groklighting.com\/web\/wp-content\/plugins\/all-in-one-wp-migration\/functions.php","line":1338}

Apr 02 2019 13:56:36
{"type":2,"message":"set_time_limit() has been disabled for security reasons","file":"\/usr\/home\/groklighting.com\/web\/wp-content\/plugins\/all-in-one-wp-migration\/functions.php","line":1338}

Apr 02 2019 13:56:37
{"type":2,"message":"set_time_limit() has been disabled for security reasons","file":"\/usr\/home\/groklighting.com\/web\/wp-content\/plugins\/all-in-one-wp-migration\/functions.php","line":1338}

Apr 02 2019 13:56:38
{"type":2,"message":"set_time_limit() has been disabled for security reasons","file":"\/usr\/home\/groklighting.com\/web\/wp-content\/plugins\/all-in-one-wp-migration\/functions.php","line":1338}

Apr 02 2019 13:56:39
{"type":2,"message":"set_time_limit() has been disabled for security reasons","file":"\/usr\/home\/groklighting.com\/web\/wp-content\/plugins\/all-in-one-wp-migration\/functions.php","line":1338}

Apr 02 2019 13:56:42
{"type":2,"message":"set_time_limit() has been disabled for security reasons","file":"\/usr\/home\/groklighting.com\/web\/wp-content\/plugins\/all-in-one-wp-migration\/functions.php","line":1338}

Apr 02 2019 13:56:43
{"type":2,"message":"set_time_limit() has been disabled for security reasons","file":"\/usr\/home\/groklighting.com\/web\/wp-content\/plugins\/all-in-one-wp-migration\/functions.php","line":1338}

Apr 02 2019 13:56:44
{"type":2,"message":"set_time_limit() has been disabled for security reasons","file":"\/usr\/home\/groklighting.com\/web\/wp-content\/plugins\/all-in-one-wp-migration\/functions.php","line":1338}

Apr 02 2019 13:56:46
{"type":2,"message":"set_time_limit() has been disabled for security reasons","file":"\/usr\/home\/groklighting.com\/web\/wp-content\/plugins\/all-in-one-wp-migration\/functions.php","line":1338}

Apr 02 2019 14:06:06
{"type":2,"message":"set_time_limit() has been disabled for security reasons","file":"\/usr\/home\/groklighting.com\/web\/wp-content\/plugins\/all-in-one-wp-migration\/functions.php","line":1338}

Apr 02 2019 14:06:07
{"type":2,"message":"set_time_limit() has been disabled for security reasons","file":"\/usr\/home\/groklighting.com\/web\/wp-content\/plugins\/all-in-one-wp-migration\/functions.php","line":1338}

Apr 02 2019 14:06:08
{"type":2,"message":"set_time_limit() has been disabled for security reasons","file":"\/usr\/home\/groklighting.com\/web\/wp-content\/plugins\/all-in-one-wp-migration\/functions.php","line":1338}

Apr 02 2019 14:06:08
{"type":2,"message":"set_time_limit() has been disabled for security reasons","file":"\/usr\/home\/groklighting.com\/web\/wp-content\/plugins\/all-in-one-wp-migration\/functions.php","line":1338}

Apr 02 2019 14:06:13
{"type":2,"message":"set_time_limit() has been disabled for security reasons","file":"\/usr\/home\/groklighting.com\/web\/wp-content\/plugins\/all-in-one-wp-migration\/functions.php","line":1338}

Apr 02 2019 14:06:19
{"type":2,"message":"set_time_limit() has been disabled for security reasons","file":"\/usr\/home\/groklighting.com\/web\/wp-content\/plugins\/all-in-one-wp-migration\/functions.php","line":1338}

Apr 02 2019 14:06:24
{"type":2,"message":"set_time_limit() has been disabled for security reasons","file":"\/usr\/home\/groklighting.com\/web\/wp-content\/plugins\/all-in-one-wp-migration\/functions.php","line":1338}

Apr 02 2019 14:06:26
{"type":2,"message":"set_time_limit() has been disabled for security reasons","file":"\/usr\/home\/groklighting.com\/web\/wp-content\/plugins\/all-in-one-wp-migration\/functions.php","line":1338}

Apr 02 2019 14:06:27
{"type":2,"message":"set_time_limit() has been disabled for security reasons","file":"\/usr\/home\/groklighting.com\/web\/wp-content\/plugins\/all-in-one-wp-migration\/functions.php","line":1338}

Apr 02 2019 14:06:28
{"type":2,"message":"set_time_limit() has been disabled for security reasons","file":"\/usr\/home\/groklighting.com\/web\/wp-content\/plugins\/all-in-one-wp-migration\/functions.php","line":1338}

Aug 31 2020 06:24:54
{"type":8,"message":"Constant ABSPATH already defined","file":"\/var\/www\/html\/wp-config.php","line":19}

Aug 31 2020 06:24:55
{"type":8,"message":"Constant ABSPATH already defined","file":"\/var\/www\/html\/wp-config.php","line":19}

Aug 31 2020 06:24:55
{"type":8,"message":"Constant ABSPATH already defined","file":"\/var\/www\/html\/wp-config.php","line":19}

Aug 31 2020 06:24:56
{"type":8,"message":"Constant ABSPATH already defined","file":"\/var\/www\/html\/wp-config.php","line":19}

Aug 31 2020 06:24:56
{"type":8,"message":"Constant ABSPATH already defined","file":"\/var\/www\/html\/wp-config.php","line":19}

Aug 31 2020 06:24:57
{"type":8,"message":"Constant ABSPATH already defined","file":"\/var\/www\/html\/wp-config.php","line":19}

Aug 31 2020 06:24:57
{"type":8,"message":"Constant ABSPATH already defined","file":"\/var\/www\/html\/wp-config.php","line":19}

Aug 31 2020 06:24:57
{"type":8,"message":"Constant ABSPATH already defined","file":"\/var\/www\/html\/wp-config.php","line":19}

Aug 31 2020 06:24:58
{"type":8,"message":"Constant ABSPATH already defined","file":"\/var\/www\/html\/wp-config.php","line":19}

Aug 31 2020 06:24:58
{"type":8,"message":"Constant ABSPATH already defined","file":"\/var\/www\/html\/wp-config.php","line":19}

Aug 31 2020 06:24:59
{"type":8,"message":"Constant ABSPATH already defined","file":"\/var\/www\/html\/wp-config.php","line":19}

Aug 31 2020 06:24:59
{"type":8,"message":"Constant ABSPATH already defined","file":"\/var\/www\/html\/wp-config.php","line":19}

Aug 31 2020 06:25:00
{"type":8,"message":"Constant ABSPATH already defined","file":"\/var\/www\/html\/wp-config.php","line":19}

Aug 31 2020 06:25:00
{"type":8,"message":"Constant ABSPATH already defined","file":"\/var\/www\/html\/wp-config.php","line":19}

Aug 31 2020 06:25:00
{"type":8,"message":"Constant ABSPATH already defined","file":"\/var\/www\/html\/wp-config.php","line":19}

Aug 31 2020 06:25:01
{"type":8,"message":"Constant ABSPATH already defined","file":"\/var\/www\/html\/wp-config.php","line":19}

Aug 31 2020 06:25:01
{"type":8,"message":"Constant ABSPATH already defined","file":"\/var\/www\/html\/wp-config.php","line":19}

Aug 31 2020 06:25:02
{"type":8,"message":"Constant ABSPATH already defined","file":"\/var\/www\/html\/wp-config.php","line":19}

Aug 31 2020 06:25:02
{"type":8,"message":"Constant ABSPATH already defined","file":"\/var\/www\/html\/wp-config.php","line":19}

Aug 31 2020 06:25:03
{"type":8,"message":"Constant ABSPATH already defined","file":"\/var\/www\/html\/wp-config.php","line":19}

Aug 31 2020 06:25:03
{"type":8,"message":"Constant ABSPATH already defined","file":"\/var\/www\/html\/wp-config.php","line":19}

Aug 31 2020 06:25:03
{"type":8,"message":"Constant ABSPATH already defined","file":"\/var\/www\/html\/wp-config.php","line":19}

Aug 31 2020 06:25:04
{"type":8,"message":"Constant ABSPATH already defined","file":"\/var\/www\/html\/wp-config.php","line":19}

Aug 31 2020 06:25:04
{"type":8,"message":"Constant ABSPATH already defined","file":"\/var\/www\/html\/wp-config.php","line":19}

Aug 31 2020 06:25:05
{"type":8,"message":"Constant ABSPATH already defined","file":"\/var\/www\/html\/wp-config.php","line":19}

Aug 31 2020 06:25:05
{"type":8,"message":"Constant ABSPATH already defined","file":"\/var\/www\/html\/wp-config.php","line":19}

Aug 31 2020 06:25:05
{"type":8,"message":"Constant ABSPATH already defined","file":"\/var\/www\/html\/wp-config.php","line":19}

Aug 31 2020 06:25:06
{"type":8,"message":"Constant ABSPATH already defined","file":"\/var\/www\/html\/wp-config.php","line":19}

Aug 31 2020 06:25:06
{"type":8,"message":"Constant ABSPATH already defined","file":"\/var\/www\/html\/wp-config.php","line":19}

Aug 31 2020 06:25:07
{"type":8,"message":"Constant ABSPATH already defined","file":"\/var\/www\/html\/wp-config.php","line":19}

Aug 31 2020 06:25:07
{"type":8,"message":"Constant ABSPATH already defined","file":"\/var\/www\/html\/wp-config.php","line":19}

Aug 31 2020 06:25:08
{"type":8,"message":"Constant ABSPATH already defined","file":"\/var\/www\/html\/wp-config.php","line":19}

Aug 31 2020 06:25:08
{"type":8,"message":"Constant ABSPATH already defined","file":"\/var\/www\/html\/wp-config.php","line":19}

Aug 31 2020 06:25:08
{"type":8,"message":"Constant ABSPATH already defined","file":"\/var\/www\/html\/wp-config.php","line":19}

Aug 31 2020 06:25:09
{"type":8,"message":"Constant ABSPATH already defined","file":"\/var\/www\/html\/wp-config.php","line":19}

Aug 31 2020 06:25:09
{"type":8,"message":"Constant ABSPATH already defined","file":"\/var\/www\/html\/wp-config.php","line":19}

Aug 31 2020 06:25:10
{"type":8,"message":"Constant ABSPATH already defined","file":"\/var\/www\/html\/wp-config.php","line":19}

Aug 31 2020 06:25:10
{"type":8,"message":"Constant ABSPATH already defined","file":"\/var\/www\/html\/wp-config.php","line":19}

Aug 31 2020 06:25:11
{"type":8,"message":"Constant ABSPATH already defined","file":"\/var\/www\/html\/wp-config.php","line":19}

Aug 31 2020 06:25:11
{"type":8,"message":"Constant ABSPATH already defined","file":"\/var\/www\/html\/wp-config.php","line":19}

Aug 31 2020 06:25:12
{"type":8,"message":"Constant ABSPATH already defined","file":"\/var\/www\/html\/wp-config.php","line":19}

Aug 31 2020 06:25:12
{"type":8,"message":"Constant ABSPATH already defined","file":"\/var\/www\/html\/wp-config.php","line":19}

Aug 31 2020 06:25:13
{"type":8,"message":"Constant ABSPATH already defined","file":"\/var\/www\/html\/wp-config.php","line":19}

Aug 31 2020 06:25:13
{"type":8,"message":"Constant ABSPATH already defined","file":"\/var\/www\/html\/wp-config.php","line":19}

Aug 31 2020 06:25:14
{"type":8,"message":"Constant ABSPATH already defined","file":"\/var\/www\/html\/wp-config.php","line":19}

Aug 31 2020 06:25:14
{"type":8,"message":"Constant ABSPATH already defined","file":"\/var\/www\/html\/wp-config.php","line":19}

Aug 31 2020 06:25:15
{"type":8,"message":"Constant ABSPATH already defined","file":"\/var\/www\/html\/wp-config.php","line":19}

Aug 31 2020 06:25:15
{"type":8,"message":"Constant ABSPATH already defined","file":"\/var\/www\/html\/wp-config.php","line":19}

Aug 31 2020 06:25:15
{"type":8,"message":"Constant ABSPATH already defined","file":"\/var\/www\/html\/wp-config.php","line":19}

Aug 31 2020 06:25:16
{"type":8,"message":"Constant ABSPATH already defined","file":"\/var\/www\/html\/wp-config.php","line":19}

Aug 31 2020 06:25:17
{"type":8,"message":"Constant ABSPATH already defined","file":"\/var\/www\/html\/wp-config.php","line":19}

Aug 31 2020 06:25:17
{"type":8,"message":"Constant ABSPATH already defined","file":"\/var\/www\/html\/wp-config.php","line":19}

Aug 31 2020 06:25:18
{"type":8,"message":"Constant ABSPATH already defined","file":"\/var\/www\/html\/wp-config.php","line":19}

Aug 31 2020 06:25:18
{"type":8,"message":"Constant ABSPATH already defined","file":"\/var\/www\/html\/wp-config.php","line":19}

Aug 31 2020 06:25:19
{"type":8,"message":"Constant ABSPATH already defined","file":"\/var\/www\/html\/wp-config.php","line":19}

Aug 31 2020 06:25:19
{"type":8,"message":"Constant ABSPATH already defined","file":"\/var\/www\/html\/wp-config.php","line":19}

Aug 31 2020 06:25:20
{"type":8,"message":"Constant ABSPATH already defined","file":"\/var\/www\/html\/wp-config.php","line":19}

Aug 31 2020 06:25:20
{"type":8,"message":"Constant ABSPATH already defined","file":"\/var\/www\/html\/wp-config.php","line":19}

Aug 31 2020 06:25:20
{"type":8,"message":"Constant ABSPATH already defined","file":"\/var\/www\/html\/wp-config.php","line":19}

Aug 31 2020 06:25:21
{"type":8,"message":"Constant ABSPATH already defined","file":"\/var\/www\/html\/wp-config.php","line":19}

Aug 31 2020 06:25:21
{"type":8,"message":"Constant ABSPATH already defined","file":"\/var\/www\/html\/wp-config.php","line":19}

Aug 31 2020 06:25:22
{"type":8,"message":"Constant ABSPATH already defined","file":"\/var\/www\/html\/wp-config.php","line":19}

Aug 31 2020 06:25:22
{"type":8,"message":"Constant ABSPATH already defined","file":"\/var\/www\/html\/wp-config.php","line":19}

Aug 31 2020 06:25:23
{"type":8,"message":"Constant ABSPATH already defined","file":"\/var\/www\/html\/wp-config.php","line":19}

Aug 31 2020 06:25:23
{"type":8,"message":"Constant ABSPATH already defined","file":"\/var\/www\/html\/wp-config.php","line":19}

Aug 31 2020 06:25:24
{"type":8,"message":"Constant ABSPATH already defined","file":"\/var\/www\/html\/wp-config.php","line":19}

Aug 31 2020 06:25:24
{"type":8,"message":"Constant ABSPATH already defined","file":"\/var\/www\/html\/wp-config.php","line":19}

Aug 31 2020 06:25:25
{"type":8,"message":"Constant ABSPATH already defined","file":"\/var\/www\/html\/wp-config.php","line":19}

Aug 31 2020 06:25:25
{"type":8,"message":"Constant ABSPATH already defined","file":"\/var\/www\/html\/wp-config.php","line":19}

Aug 31 2020 06:25:25
{"type":8,"message":"Constant ABSPATH already defined","file":"\/var\/www\/html\/wp-config.php","line":19}

Aug 31 2020 06:25:26
{"type":8,"message":"Constant ABSPATH already defined","file":"\/var\/www\/html\/wp-config.php","line":19}

Aug 31 2020 06:25:26
{"type":8,"message":"Constant ABSPATH already defined","file":"\/var\/www\/html\/wp-config.php","line":19}

Aug 31 2020 06:25:27
{"type":8,"message":"Constant ABSPATH already defined","file":"\/var\/www\/html\/wp-config.php","line":19}

Aug 31 2020 06:25:27
{"type":8,"message":"Constant ABSPATH already defined","file":"\/var\/www\/html\/wp-config.php","line":19}

Aug 31 2020 06:25:28
{"type":8,"message":"Constant ABSPATH already defined","file":"\/var\/www\/html\/wp-config.php","line":19}

Aug 31 2020 06:25:28
{"type":8,"message":"Constant ABSPATH already defined","file":"\/var\/www\/html\/wp-config.php","line":19}

Aug 31 2020 06:25:28
{"type":8,"message":"Constant ABSPATH already defined","file":"\/var\/www\/html\/wp-config.php","line":19}

Aug 31 2020 06:25:29
{"type":8,"message":"Constant ABSPATH already defined","file":"\/var\/www\/html\/wp-config.php","line":19}

Aug 31 2020 06:25:29
{"type":8,"message":"Constant ABSPATH already defined","file":"\/var\/www\/html\/wp-config.php","line":19}

Aug 31 2020 06:25:30
{"type":8,"message":"Constant ABSPATH already defined","file":"\/var\/www\/html\/wp-config.php","line":19}

Aug 31 2020 06:25:30
{"type":8,"message":"Constant ABSPATH already defined","file":"\/var\/www\/html\/wp-config.php","line":19}

Aug 31 2020 06:25:31
{"type":8,"message":"Constant ABSPATH already defined","file":"\/var\/www\/html\/wp-config.php","line":19}

Aug 31 2020 06:25:31
{"type":8,"message":"Constant ABSPATH already defined","file":"\/var\/www\/html\/wp-config.php","line":19}

Aug 31 2020 06:25:32
{"type":8,"message":"Constant ABSPATH already defined","file":"\/var\/www\/html\/wp-config.php","line":19}

Aug 31 2020 06:25:32
{"type":8,"message":"Constant ABSPATH already defined","file":"\/var\/www\/html\/wp-config.php","line":19}

Aug 31 2020 06:25:32
{"type":8,"message":"Constant ABSPATH already defined","file":"\/var\/www\/html\/wp-config.php","line":19}

Aug 31 2020 06:25:33
{"type":8,"message":"Constant ABSPATH already defined","file":"\/var\/www\/html\/wp-config.php","line":19}

Aug 31 2020 06:25:33
{"type":8,"message":"Constant ABSPATH already defined","file":"\/var\/www\/html\/wp-config.php","line":19}

Aug 31 2020 06:25:43
{"type":8,"message":"Constant ABSPATH already defined","file":"\/var\/www\/html\/wp-config.php","line":19}

Aug 31 2020 06:25:44
{"type":8,"message":"Constant ABSPATH already defined","file":"\/var\/www\/html\/wp-config.php","line":19}

Aug 31 2020 06:25:44
{"type":8,"message":"Constant ABSPATH already defined","file":"\/var\/www\/html\/wp-config.php","line":19}

Aug 31 2020 06:29:42
{"type":8,"message":"Constant ABSPATH already defined","file":"\/var\/www\/html\/wp-config.php","line":19}

Aug 31 2020 06:29:42
{"type":8,"message":"Constant ABSPATH already defined","file":"\/var\/www\/html\/wp-config.php","line":19}

Aug 31 2020 06:29:58
{"type":8,"message":"Constant ABSPATH already defined","file":"\/var\/www\/html\/wp-config.php","line":19}

Aug 31 2020 06:30:14
{"type":8,"message":"Constant ABSPATH already defined","file":"\/var\/www\/html\/wp-config.php","line":19}

Aug 31 2020 06:30:20
{"type":8,"message":"Constant ABSPATH already defined","file":"\/var\/www\/html\/wp-config.php","line":19}

Aug 31 2020 06:30:20
{"type":8,"message":"Constant ABSPATH already defined","file":"\/var\/www\/html\/wp-config.php","line":19}

Aug 31 2020 06:30:31
{"type":8,"message":"Constant ABSPATH already defined","file":"\/var\/www\/html\/wp-config.php","line":19}

Aug 31 2020 06:30:41
{"type":8,"message":"Constant ABSPATH already defined","file":"\/var\/www\/html\/wp-config.php","line":19}

Aug 31 2020 06:30:51
{"type":8,"message":"Constant ABSPATH already defined","file":"\/var\/www\/html\/wp-config.php","line":19}

Aug 31 2020 06:31:02
{"type":8,"message":"Constant ABSPATH already defined","file":"\/var\/www\/html\/wp-config.php","line":19}

Aug 31 2020 06:31:12
{"type":8,"message":"Constant ABSPATH already defined","file":"\/var\/www\/html\/wp-config.php","line":19}

Aug 31 2020 06:31:23
{"type":8,"message":"Constant ABSPATH already defined","file":"\/var\/www\/html\/wp-config.php","line":19}

Aug 31 2020 06:31:33
{"type":8,"message":"Constant ABSPATH already defined","file":"\/var\/www\/html\/wp-config.php","line":19}

Aug 31 2020 06:31:43
{"type":8,"message":"Constant ABSPATH already defined","file":"\/var\/www\/html\/wp-config.php","line":19}

Aug 31 2020 06:31:54
{"type":8,"message":"Constant ABSPATH already defined","file":"\/var\/www\/html\/wp-config.php","line":19}

Aug 31 2020 06:32:04
{"type":8,"message":"Constant ABSPATH already defined","file":"\/var\/www\/html\/wp-config.php","line":19}

Aug 31 2020 06:32:14
{"type":8,"message":"Constant ABSPATH already defined","file":"\/var\/www\/html\/wp-config.php","line":19}

Aug 31 2020 06:32:25
{"type":8,"message":"Constant ABSPATH already defined","file":"\/var\/www\/html\/wp-config.php","line":19}

Aug 31 2020 06:32:35
{"type":8,"message":"Constant ABSPATH already defined","file":"\/var\/www\/html\/wp-config.php","line":19}

Aug 31 2020 06:32:45
{"type":8,"message":"Constant ABSPATH already defined","file":"\/var\/www\/html\/wp-config.php","line":19}

Aug 31 2020 06:32:56
{"type":8,"message":"Constant ABSPATH already defined","file":"\/var\/www\/html\/wp-config.php","line":19}

Aug 31 2020 06:33:06
{"type":8,"message":"Constant ABSPATH already defined","file":"\/var\/www\/html\/wp-config.php","line":19}

Aug 31 2020 06:33:16
{"type":8,"message":"Constant ABSPATH already defined","file":"\/var\/www\/html\/wp-config.php","line":19}

Aug 31 2020 06:33:26
{"type":8,"message":"Constant ABSPATH already defined","file":"\/var\/www\/html\/wp-config.php","line":19}

Aug 31 2020 06:33:37
{"type":8,"message":"Constant ABSPATH already defined","file":"\/var\/www\/html\/wp-config.php","line":19}

Aug 31 2020 06:33:47
{"type":8,"message":"Constant ABSPATH already defined","file":"\/var\/www\/html\/wp-config.php","line":19}

Aug 31 2020 06:33:57
{"type":8,"message":"Constant ABSPATH already defined","file":"\/var\/www\/html\/wp-config.php","line":19}

Aug 31 2020 06:34:08
{"type":8,"message":"Constant ABSPATH already defined","file":"\/var\/www\/html\/wp-config.php","line":19}

Aug 31 2020 06:34:18
{"type":8,"message":"Constant ABSPATH already defined","file":"\/var\/www\/html\/wp-config.php","line":19}

Aug 31 2020 06:34:28
{"type":8,"message":"Constant ABSPATH already defined","file":"\/var\/www\/html\/wp-config.php","line":19}

Aug 31 2020 06:34:39
{"type":8,"message":"Constant ABSPATH already defined","file":"\/var\/www\/html\/wp-config.php","line":19}

Aug 31 2020 06:34:49
{"type":8,"message":"Constant ABSPATH already defined","file":"\/var\/www\/html\/wp-config.php","line":19}

Aug 31 2020 06:34:59
{"type":8,"message":"Constant ABSPATH already defined","file":"\/var\/www\/html\/wp-config.php","line":19}

Aug 31 2020 06:35:09
{"type":8,"message":"Constant ABSPATH already defined","file":"\/var\/www\/html\/wp-config.php","line":19}

Aug 31 2020 06:35:20
{"type":8,"message":"Constant ABSPATH already defined","file":"\/var\/www\/html\/wp-config.php","line":19}

Aug 31 2020 06:35:30
{"type":8,"message":"Constant ABSPATH already defined","file":"\/var\/www\/html\/wp-config.php","line":19}

Aug 31 2020 06:35:40
{"type":8,"message":"Constant ABSPATH already defined","file":"\/var\/www\/html\/wp-config.php","line":19}

Aug 31 2020 06:35:51
{"type":8,"message":"Constant ABSPATH already defined","file":"\/var\/www\/html\/wp-config.php","line":19}

Aug 31 2020 06:36:01
{"type":8,"message":"Constant ABSPATH already defined","file":"\/var\/www\/html\/wp-config.php","line":19}

Aug 31 2020 06:36:11
{"type":8,"message":"Constant ABSPATH already defined","file":"\/var\/www\/html\/wp-config.php","line":19}

Aug 31 2020 06:36:22
{"type":8,"message":"Constant ABSPATH already defined","file":"\/var\/www\/html\/wp-config.php","line":19}

Aug 31 2020 06:36:32
{"type":8,"message":"Constant ABSPATH already defined","file":"\/var\/www\/html\/wp-config.php","line":19}

Aug 31 2020 06:36:42
{"type":8,"message":"Constant ABSPATH already defined","file":"\/var\/www\/html\/wp-config.php","line":19}

Aug 31 2020 06:36:52
{"type":8,"message":"Constant ABSPATH already defined","file":"\/var\/www\/html\/wp-config.php","line":19}

Aug 31 2020 06:37:03
{"type":8,"message":"Constant ABSPATH already defined","file":"\/var\/www\/html\/wp-config.php","line":19}

Aug 31 2020 06:37:13
{"type":8,"message":"Constant ABSPATH already defined","file":"\/var\/www\/html\/wp-config.php","line":19}

Aug 31 2020 06:37:24
{"type":8,"message":"Constant ABSPATH already defined","file":"\/var\/www\/html\/wp-config.php","line":19}

Aug 31 2020 06:37:34
{"type":8,"message":"Constant ABSPATH already defined","file":"\/var\/www\/html\/wp-config.php","line":19}

Aug 31 2020 06:37:44
{"type":8,"message":"Constant ABSPATH already defined","file":"\/var\/www\/html\/wp-config.php","line":19}

Aug 31 2020 06:37:55
{"type":8,"message":"Constant ABSPATH already defined","file":"\/var\/www\/html\/wp-config.php","line":19}

Aug 31 2020 06:38:05
{"type":8,"message":"Constant ABSPATH already defined","file":"\/var\/www\/html\/wp-config.php","line":19}

Aug 31 2020 06:38:16
{"type":8,"message":"Constant ABSPATH already defined","file":"\/var\/www\/html\/wp-config.php","line":19}

Aug 31 2020 06:38:26
{"type":8,"message":"Constant ABSPATH already defined","file":"\/var\/www\/html\/wp-config.php","line":19}

Aug 31 2020 06:38:36
{"type":8,"message":"Constant ABSPATH already defined","file":"\/var\/www\/html\/wp-config.php","line":19}

Aug 31 2020 06:38:47
{"type":8,"message":"Constant ABSPATH already defined","file":"\/var\/www\/html\/wp-config.php","line":19}

Aug 31 2020 06:38:57
{"type":8,"message":"Constant ABSPATH already defined","file":"\/var\/www\/html\/wp-config.php","line":19}

Aug 31 2020 06:39:07
{"type":8,"message":"Constant ABSPATH already defined","file":"\/var\/www\/html\/wp-config.php","line":19}

Aug 31 2020 06:39:18
{"type":8,"message":"Constant ABSPATH already defined","file":"\/var\/www\/html\/wp-config.php","line":19}

Aug 31 2020 06:39:28
{"type":8,"message":"Constant ABSPATH already defined","file":"\/var\/www\/html\/wp-config.php","line":19}

Aug 31 2020 06:39:38
{"type":8,"message":"Constant ABSPATH already defined","file":"\/var\/www\/html\/wp-config.php","line":19}

Aug 31 2020 06:39:49
{"type":8,"message":"Constant ABSPATH already defined","file":"\/var\/www\/html\/wp-config.php","line":19}

Aug 31 2020 06:39:55
{"type":8,"message":"Constant ABSPATH already defined","file":"\/var\/www\/html\/wp-config.php","line":19}

Aug 31 2020 06:39:55
{"type":8,"message":"Constant ABSPATH already defined","file":"\/var\/www\/html\/wp-config.php","line":19}

Aug 31 2020 06:40:26
{"type":8,"message":"Undefined index: port","file":"\/var\/www\/html\/wp-content\/plugins\/eu-cookie-law\/defaults.php","line":53}

Oct 22 2021 11:37:38
{"type":8,"message":"Constant ABSPATH already defined","file":"\/var\/www\/html\/wp-config.php","line":20}

Oct 22 2021 11:37:44
{"type":8,"message":"Constant ABSPATH already defined","file":"\/var\/www\/html\/wp-config.php","line":20}

Oct 22 2021 11:37:44
{"type":8,"message":"Constant ABSPATH already defined","file":"\/var\/www\/html\/wp-config.php","line":20}

Oct 22 2021 11:37:44
{"type":8,"message":"Constant ABSPATH already defined","file":"\/var\/www\/html\/wp-config.php","line":20}

Oct 22 2021 11:39:08
{"type":8,"message":"Constant ABSPATH already defined","file":"\/var\/www\/html\/wp-config.php","line":20}

Oct 22 2021 11:39:08
{"type":8,"message":"Constant ABSPATH already defined","file":"\/var\/www\/html\/wp-config.php","line":20}

Oct 22 2021 11:39:09
{"type":8,"message":"Constant ABSPATH already defined","file":"\/var\/www\/html\/wp-config.php","line":20}

Oct 22 2021 11:39:09
{"type":8,"message":"Constant ABSPATH already defined","file":"\/var\/www\/html\/wp-config.php","line":20}

Oct 22 2021 11:39:12
{"type":8,"message":"Constant ABSPATH already defined","file":"\/var\/www\/html\/wp-config.php","line":20}

Oct 22 2021 11:39:12
{"type":8,"message":"Constant ABSPATH already defined","file":"\/var\/www\/html\/wp-config.php","line":20}

Oct 22 2021 11:39:12
{"type":8,"message":"Constant ABSPATH already defined","file":"\/var\/www\/html\/wp-config.php","line":20}

Oct 28 2021 11:56:04
{"type":8,"message":"Constant ABSPATH already defined","file":"\/var\/www\/html\/wp-config.php","line":20}

Oct 28 2021 11:56:04
{"type":8,"message":"Constant ABSPATH already defined","file":"\/var\/www\/html\/wp-config.php","line":20}

Oct 28 2021 11:56:04
{"type":8,"message":"Constant ABSPATH already defined","file":"\/var\/www\/html\/wp-config.php","line":20}

Oct 28 2021 11:56:04
{"type":8,"message":"Constant ABSPATH already defined","file":"\/var\/www\/html\/wp-config.php","line":20}

Oct 28 2021 11:56:04
{"type":8,"message":"Constant ABSPATH already defined","file":"\/var\/www\/html\/wp-config.php","line":20}

Oct 28 2021 11:56:07
{"type":8,"message":"Constant ABSPATH already defined","file":"\/var\/www\/html\/wp-config.php","line":20}

Oct 28 2021 11:56:13
{"type":8,"message":"Constant ABSPATH already defined","file":"\/var\/www\/html\/wp-config.php","line":20}

Oct 28 2021 11:56:13
{"type":8,"message":"Constant ABSPATH already defined","file":"\/var\/www\/html\/wp-config.php","line":20}

Oct 28 2021 11:56:13
{"type":8,"message":"Constant ABSPATH already defined","file":"\/var\/www\/html\/wp-config.php","line":20}

Oct 28 2021 11:56:13
{"type":8,"message":"Constant ABSPATH already defined","file":"\/var\/www\/html\/wp-config.php","line":20}

Oct 28 2021 11:56:13
{"type":8,"message":"Constant ABSPATH already defined","file":"\/var\/www\/html\/wp-config.php","line":20}

Oct 28 2021 11:56:14
{"type":8,"message":"Constant ABSPATH already defined","file":"\/var\/www\/html\/wp-config.php","line":20}

Oct 28 2021 11:56:18
{"type":8,"message":"Constant ABSPATH already defined","file":"\/var\/www\/html\/wp-config.php","line":20}

Oct 28 2021 11:56:18
{"type":8,"message":"Constant ABSPATH already defined","file":"\/var\/www\/html\/wp-config.php","line":20}

Oct 28 2021 11:56:18
{"type":8,"message":"Constant ABSPATH already defined","file":"\/var\/www\/html\/wp-config.php","line":20}

Oct 28 2021 11:56:18
{"type":8192,"message":"Methods with the same name as their class will not be constructors in a future version of PHP; Services_JSON_Error has a deprecated constructor","file":"\/var\/www\/html\/wp-content\/plugins\/redsys\/apiRedsys\/json.php","line":795}

Oct 28 2021 11:56:20
{"type":8,"message":"Constant ABSPATH already defined","file":"\/var\/www\/html\/wp-config.php","line":20}

